<?xml version="1.0" encoding="UTF-8"?>
<!-- Generated by org.testng.reporters.JUnitReportReporter -->
<testsuite hostname="john-PC" name="DriverFactory.DataDrivern" tests="1" failures="0" timestamp="7 Jan 2020 14:34:14 GMT" time="261.282" errors="0">
  <testcase name="verifyRegister" time="261.282" classname="DriverFactory.DataDrivern"/>
</testsuite> <!-- DriverFactory.DataDrivern -->
