<?xml version="1.0" encoding="UTF-8"?>
<!-- Generated by org.testng.reporters.JUnitReportReporter -->
<testsuite hostname="john-PC" name="DriverFactory.DriverScript" tests="1" failures="0" timestamp="10 Jan 2020 14:02:17 GMT" time="106.697" errors="0">
  <testcase name="startTest" time="106.697" classname="DriverFactory.DriverScript"/>
</testsuite> <!-- DriverFactory.DriverScript -->
